2022-02-11T06:19:55.242Z - [INFO   ] - Fchier source : gestionAir | Module : recuperationConsigneAir | Type erreur :  gestionAirsDataModel is not defined  
2022-02-11T06:50:29.557Z - [INFO   ] - Fchier source : gestionAir | Module : recuperationConsigneAir | Type erreur :  gestionAirsDataModel is not defined  
2022-02-11T06:53:10.074Z - [INFO   ] - Fchier source : gestionAir | Module : recuperationConsigneAir | Type erreur :  gestionAirsDataModel is not defined  
2022-02-11T06:59:50.985Z - [INFO   ] - Fchier source : gestionAir | Module : recuperationConsigneAir | Type erreur :  gestionAirsDataModel is not defined  
2022-02-11T07:00:59.047Z - [INFO   ] - Fchier source : gestionAir | Module : recuperationConsigneAir | Type erreur :  gestionAirsDataModel is not defined  
2022-02-11T07:33:34.723Z - [INFO   ] - Fchier source : gestionAir | Module : recuperationConsigneAir | Type erreur :  gestionAirsDataModel is not defined  
2022-02-11T07:37:49.851Z - [INFO   ] - Fchier source : gestionAir | Module : recuperationConsigneAir | Type erreur :  gestionAirsDataModel is not defined  
2022-02-11T07:39:31.088Z - [INFO   ] - Fchier source : gestionAir | Module : recuperationConsigneAir | Type erreur :  gestionAirsDataModel is not defined  
2022-02-11T07:41:07.477Z - [INFO   ] - Fchier source : gestionAir | Module : recuperationConsigneAir | Type erreur :  gestionAirsDataModel is not defined  
2022-02-11T07:43:58.717Z - [INFO   ] - Fchier source : gestionAir | Module : recuperationConsigneAir | Type erreur :  gestionAirsDataModel is not defined  
2022-02-11T07:45:21.272Z - [INFO   ] - Fchier source : gestionAir | Module : recuperationConsigneAir | Type erreur :  gestionAirsDataModel is not defined  
2022-02-11T07:46:16.215Z - [INFO   ] - Fchier source : gestionAir | Module : recuperationConsigneAir | Type erreur :  gestionAirsDataModel is not defined  
2022-02-11T08:07:26.837Z - [INFO   ] - Fchier source : gestionAir | Module : recuperationConsigneAir | Type erreur :  gestionAirsDataModel is not defined  
2022-02-11T08:11:02.050Z - [INFO   ] - Fchier source : gestionAir | Module : recuperationConsigneAir | Type erreur :  gestionAirsDataModel is not defined  
2022-02-11T09:03:29.061Z - [INFO   ] - Fchier source : gestionAir | Module : recuperationConsigneAir | Type erreur :  gestionAirsDataModel is not defined  
2022-02-11T09:07:43.454Z - [INFO   ] - Fchier source : gestionAir | Module : recuperationConsigneAir | Type erreur :  gestionAirsDataModel is not defined  
2022-02-11T09:10:35.746Z - [INFO   ] - Fchier source : gestionAir | Module : recuperationConsigneAir | Type erreur :  gestionAirsDataModel is not defined  
2022-02-11T09:11:44.898Z - [INFO   ] - Fchier source : gestionAir | Module : recuperationConsigneAir | Type erreur :  gestionAirsDataModel is not defined  
2022-02-11T09:14:41.549Z - [INFO   ] - Fchier source : gestionAir | Module : recuperationConsigneAir | Type erreur :  gestionAirsDataModel is not defined  
2022-02-11T09:15:46.396Z - [INFO   ] - Fchier source : gestionAir | Module : recuperationConsigneAir | Type erreur :  gestionAirsDataModel is not defined  
2022-02-11T09:16:38.253Z - [INFO   ] - Fchier source : gestionAir | Module : recuperationConsigneAir | Type erreur :  gestionAirsDataModel is not defined  
2022-02-11T09:17:40.765Z - [INFO   ] - Fchier source : gestionAir | Module : recuperationConsigneAir | Type erreur :  gestionAirsDataModel is not defined  
2022-02-11T09:20:24.899Z - [INFO   ] - Fchier source : gestionAir | Module : recuperationConsigneAir | Type erreur :  gestionAirsDataModel is not defined  
2022-02-11T09:25:24.719Z - [INFO   ] - Fchier source : gestionAir | Module : recuperationConsigneAir | Type erreur :  gestionAirsDataModel is not defined  
2022-02-11T09:32:25.985Z - [INFO   ] - Fchier source : gestionAir | Module : recuperationConsigneAir | Type erreur :  gestionAirsDataModel is not defined  
2022-02-11T09:34:46.687Z - [INFO   ] - Fchier source : gestionAir | Module : recuperationConsigneAir | Type erreur :  gestionAirsDataModel is not defined  
2022-02-11T09:53:07.665Z - [INFO   ] - Fchier source : gestionAir | Module : recuperationConsigneAir | Type erreur :  gestionAirsDataModel is not defined  
2022-02-11T09:54:33.027Z - [INFO   ] - Fchier source : gestionAir | Module : recuperationConsigneAir | Type erreur :  gestionAirsDataModel is not defined  
2022-02-11T09:54:58.616Z - [INFO   ] - Fchier source : gestionAir | Module : recuperationConsigneAir | Type erreur :  gestionAirsDataModel is not defined  
2022-02-11T09:58:50.779Z - [INFO   ] - Fchier source : gestionAir | Module : recuperationConsigneAir | Type erreur :  gestionAirsDataModel is not defined  
2022-02-11T10:04:21.273Z - [INFO   ] - Fchier source : gestionAir | Module : recuperationConsigneAir | Type erreur :  gestionAirsDataModel is not defined  
2022-02-11T10:05:13.916Z - [INFO   ] - Fchier source : gestionAir | Module : recuperationConsigneAir | Type erreur :  gestionAirsDataModel is not defined  
2022-02-11T10:05:34.739Z - [INFO   ] - Fchier source : gestionAir | Module : recuperationConsigneAir | Type erreur :  gestionAirsDataModel is not defined  
2022-03-03T12:10:12.546Z - [INFO   ] - Fchier source : gestionAir | Module : Mise à jour de etat relay dans la base de donnée | Type erreur :  gestionAirModels_etat_relay is not defined  
2022-03-03T12:28:50.447Z - [INFO   ] - Fchier source : gestionAir | Module : Mise à jour de etat relay dans la base de donnée | Type erreur :  gestionAirModels_etat_relay is not defined  
2022-03-03T17:03:41.520Z - [INFO   ] - Fchier source : gestionAir | Module : Définition des actions | Type erreur :  location is not defined  
2022-03-03T17:05:31.366Z - [INFO   ] - Fchier source : gestionAir | Module : Définition des actions | Type erreur :  history is not defined  
2022-03-04T18:38:58.149Z - [INFO   ] - Fchier source : gestionAir | Module : Définition des actions | Type erreur :  miseAjourEtatRelay is not a function  
2022-03-04T18:43:01.087Z - [INFO   ] - Fchier source : gestionAir | Module : Définition des actions | Type erreur :  miseAjourEtatRelay is not a function  
2022-03-04T18:45:00.679Z - [INFO   ] - Fchier source : gestionAir | Module : Définition des actions | Type erreur :  miseAjourEtatRelay is not a function  
2022-03-04T18:46:49.192Z - [INFO   ] - Fchier source : gestionAir | Module : Définition des actions | Type erreur :  miseAjourEtatRelay is not a function  
2022-03-04T18:55:23.436Z - [INFO   ] - Fchier source : gestionAir | Module : Définition des actions | Type erreur :  miseAjourEtatRelay is not a function  
2022-03-04T18:56:23.041Z - [INFO   ] - Fchier source : gestionAir | Module : Définition des actions | Type erreur :  miseAjourEtatRelay is not a function  
2022-03-04T18:58:15.411Z - [INFO   ] - Fchier source : gestionAir | Module : Définition des actions | Type erreur :  miseAjourEtatRelay is not a function  
2022-03-04T19:01:47.389Z - [INFO   ] - Fchier source : gestionAir | Module : Définition des actions | Type erreur :  miseAjourEtatRelay is not a function  
2022-03-04T19:04:01.891Z - [INFO   ] - Fchier source : gestionAir | Module : Définition des actions | Type erreur :  miseAjourEtatRelay is not a function  
2022-03-04T19:06:50.081Z - [INFO   ] - Fchier source : gestionAir | Module : Définition des actions | Type erreur :  miseAjourEtatRelay is not a function  
2022-03-04T19:07:52.433Z - [INFO   ] - Fchier source : gestionAir | Module : Définition des actions | Type erreur :  miseAjourEtatRelay is not a function  
2022-03-04T19:10:26.206Z - [INFO   ] - Fchier source : gestionAir | Module : Définition des actions | Type erreur :  miseAjourEtatRelay is not a function  
2022-03-04T19:11:28.296Z - [INFO   ] - Fchier source : gestionAir | Module : Définition des actions | Type erreur :  miseAjourEtatRelay is not a function  
2022-03-04T19:17:48.614Z - [INFO   ] - Fchier source : gestionAir | Module : Définition des actions | Type erreur :  miseAjourEtatRelay is not a function  
2022-03-04T19:19:13.084Z - [INFO   ] - Fchier source : gestionAir | Module : Définition des actions | Type erreur :  miseAjourEtatRelay is not a function  
2022-03-04T19:22:49.701Z - [INFO   ] - Fchier source : gestionAir | Module : Définition des actions | Type erreur :  miseAjourEtatRelay is not a function  
2022-03-04T19:24:00.007Z - [INFO   ] - Fchier source : gestionAir | Module : Définition des actions | Type erreur :  miseAjourEtatRelay is not a function  
2022-03-04T19:28:12.705Z - [INFO   ] - Fchier source : gestionAir | Module : Définition des actions | Type erreur :  miseAjourEtatRelay is not a function  
2022-03-04T19:30:44.500Z - [INFO   ] - Fchier source : gestionAir | Module : Définition des actions | Type erreur :  miseAjourEtatRelay is not a function  
2022-03-06T16:14:15.979Z - [INFO   ] - Fchier source : gestionAir | Module : Définition des actions | Type erreur :  miseAjourEtatRelay is not a function  
2022-03-06T16:15:55.185Z - [INFO   ] - Fchier source : gestionAir | Module : Définition des actions | Type erreur :  miseAjourEtatRelay is not a function  
2022-03-06T16:17:14.662Z - [INFO   ] - Fchier source : gestionAir | Module : Définition des actions | Type erreur :  miseAjourEtatRelay is not a function  
2022-03-06T16:19:25.217Z - [INFO   ] - Fchier source : gestionAir | Module : Définition des actions | Type erreur :  miseAjourEtatRelay is not a function  
2022-03-06T16:21:36.437Z - [INFO   ] - Fchier source : gestionAir | Module : Définition des actions | Type erreur :  miseAjourEtatRelay is not a function  
2022-03-06T16:22:35.784Z - [INFO   ] - Fchier source : gestionAir | Module : Définition des actions | Type erreur :  miseAjourEtatRelay is not a function  
2022-03-06T16:24:20.188Z - [INFO   ] - Fchier source : gestionAir | Module : Définition des actions | Type erreur :  (intermediate value).then is not a function  
2022-03-06T16:26:15.939Z - [INFO   ] - Fchier source : gestionAir | Module : Définition des actions | Type erreur :  miseAjourEtatRelay is not a function  
2022-03-06T16:38:01.004Z - [INFO   ] - Fchier source : gestionAir | Module : Définition des actions | Type erreur :  miseAjourEtatRelay is not defined  
2022-05-10T10:15:14.007Z - [INFO   ] - Fchier source : gestionAir | Module : Définition des actions | Type erreur :  EACCES: permission denied, open '/sys/class/gpio/gpio23/value'  
2022-08-25T07:27:49.206Z - [INFO   ] - Fchier source : gestionAir | Module : Définition des actions | Type erreur :  temperatureMoyenneSubstrat is not defined  
2022-08-25T07:33:19.860Z - [INFO   ] - Fchier source : gestionAir | Module : Définition des actions | Type erreur :  etatVanneBDD is not defined  
2022-08-25T07:36:06.309Z - [INFO   ] - Fchier source : gestionAir | Module : Définition des actions | Type erreur :  etatVanneBDD is not defined  
2022-08-25T11:05:56.001Z - [INFO   ] - Fchier source : gestionAir | Module : Définition des actions | Type erreur :  etatVanneBDD is not defined  
2022-08-25T11:05:56.014Z - [INFO   ] - Fchier source : gestionAir | Module : Enregistrement dans la base de donnée | Type erreur :  actionRelay is not defined  
2022-08-25T12:30:27.265Z - [INFO   ] - Fchier source : gestionAir | Module : Définition des actions | Type erreur :  etatVanneBDD is not defined  
2022-08-25T12:34:48.297Z - [INFO   ] - Fchier source : gestionAir | Module : Définition des actions | Type erreur :  etatVanneBDD is not defined  
2022-08-25T12:37:55.794Z - [INFO   ] - Fchier source : gestionAir | Module : Définition des actions | Type erreur :  etatVanneBDD is not defined  
2022-08-25T12:38:34.135Z - [INFO   ] - Fchier source : gestionAir | Module : Définition des actions | Type erreur :  etatVanneBDD is not defined  
2022-08-25T12:42:48.984Z - [INFO   ] - Fchier source : gestionAir | Module : Définition des actions | Type erreur :  etatVanneBDD is not defined  
2022-08-25T12:46:20.131Z - [INFO   ] - Fchier source : gestionAir | Module : Définition des actions | Type erreur :  etatVanneBDD is not defined  
2022-08-25T12:47:12.697Z - [INFO   ] - Fchier source : gestionAir | Module : Définition des actions | Type erreur :  etatVanneBDD is not defined  
2022-08-25T13:05:18.424Z - [INFO   ] - Fchier source : gestionAir | Module : Définition des actions | Type erreur :  temperatureSubstrat is not defined  
2022-08-25T13:27:56.535Z - [INFO   ] - Fchier source : gestionAir | Module : recuperation etatVanneBDD | Type erreur :  sequelize is not defined  
2022-08-25T13:30:30.808Z - [INFO   ] - Fchier source : gestionAir | Module : recuperation etatVanneBDD | Type erreur :  sequelize is not defined  
2022-08-25T13:31:18.154Z - [INFO   ] - Fchier source : gestionAir | Module : recuperation etatVanneBDD | Type erreur :  sequelize is not defined  
2022-08-25T13:32:22.715Z - [INFO   ] - Fchier source : gestionAir | Module : recuperation etatVanneBDD | Type erreur :  sequelize is not defined  
2022-08-25T13:36:31.387Z - [INFO   ] - Fchier source : gestionAir | Module : recuperation etatVanneBDD | Type erreur :  sequelize is not defined  
2022-08-25T13:36:54.288Z - [INFO   ] - Fchier source : gestionAir | Module : recuperation etatVanneBDD | Type erreur :  sequelize is not defined  
